-------------------------------------------------------------------------------
Test set: examples.ExamplesTest
-------------------------------------------------------------------------------
Tests run: 1, Failures: 1, Errors: 0, Skipped: 0, Time elapsed: 7.495 s <<< FAILURE! - in examples.ExamplesTest
examples.ExamplesTest.testParallel  Time elapsed: 7.445 s  <<< FAILURE!
org.opentest4j.AssertionFailedError: 
status code was: 403, expected: 201, response time in milliseconds: 340, url: https://restful-booker.herokuapp.com/booking/1, response: 
Forbidden
classpath:examples/sample/resftul_booker.feature:30
match failed: EQUALS
  $ | not equal (STRING:STRING)
  'Emma'
  'Emma 2'

classpath:examples/users/get_users.feature:12
js failed:
>>>>
01: people
<<<<
org.graalvm.polyglot.PolyglotException: ReferenceError: "people" is not defined
- <js>.:program(Unnamed:1)

classpath:examples/users/get_users.feature:39
match failed: EQUALS
  $ | not equal (STRING:STRING)
  'Missing email or username'
  'Missing email or username1'

classpath:examples/users/register_users.feature:37
match failed: EQUALS
  $ | not equal (STRING:STRING)
  'leader'
  'leader1'

classpath:examples/users/register_users.feature:54 ==> expected: <0> but was: <5>
	at org.junit.jupiter.api.AssertionFailureBuilder.build(AssertionFailureBuilder.java:151)
	at org.junit.jupiter.api.AssertionFailureBuilder.buildAndThrow(AssertionFailureBuilder.java:132)
	at org.junit.jupiter.api.AssertEquals.failNotEqual(AssertEquals.java:197)
	at org.junit.jupiter.api.AssertEquals.assertEquals(AssertEquals.java:150)
	at org.junit.jupiter.api.Assertions.assertEquals(Assertions.java:563)
	at examples.ExamplesTest.testParallel(ExamplesTest.java:25)
	at java.base/java.lang.reflect.Method.invoke(Method.java:580)
	at java.base/java.util.ArrayList.forEach(ArrayList.java:1596)
	at java.base/java.util.ArrayList.forEach(ArrayList.java:1596)

